[debug] [2017-08-15T00:21:06.073Z] ----------------------------------------------------------------------
[debug] [2017-08-15T00:21:06.075Z] Command:       C:\Program Files\nodejs\node.exe C:\Users\Jesse Lee Kuras\AppData\Roaming\npm\node_modules\firebase-tools\bin\firebase serve
[debug] [2017-08-15T00:21:06.076Z] CLI Version:   3.9.2
[debug] [2017-08-15T00:21:06.076Z] Platform:      win32
[debug] [2017-08-15T00:21:06.076Z] Node Version:  v6.10.3
[debug] [2017-08-15T00:21:06.076Z] Time:          Mon Aug 14 2017 17:21:06 GMT-0700 (Pacific Daylight Time)
[debug] [2017-08-15T00:21:06.076Z] ----------------------------------------------------------------------
[debug] 
[debug] [2017-08-15T00:21:06.095Z] > command requires scopes: ["email","openid","https://www.googleapis.com/auth/cloudplatformprojects.readonly","https://www.googleapis.com/auth/firebase","https://www.googleapis.com/auth/cloud-platform"]
[debug] [2017-08-15T00:21:06.095Z] > authorizing via signed-in user
[debug] [2017-08-15T00:21:06.097Z] >>> HTTP REQUEST GET https://admin.firebase.com/v1/projects/joelwebsite-e8e31  
 Mon Aug 14 2017 17:21:06 GMT-0700 (Pacific Daylight Time)
[debug] [2017-08-15T00:21:07.100Z] <<< HTTP RESPONSE 200
[debug] [2017-08-15T00:21:07.103Z] >>> HTTP REQUEST GET https://admin.firebase.com/v1/database/joelwebsite-e8e31/tokens  
 Mon Aug 14 2017 17:21:07 GMT-0700 (Pacific Daylight Time)
[debug] [2017-08-15T00:21:07.816Z] <<< HTTP RESPONSE 200
[info] 
[info] === Serving from 'G:\joel-website'...
[info] 
[debug] [2017-08-15T00:21:07.824Z] >>> HTTP REQUEST GET https://cloudresourcemanager.googleapis.com/v1/projects/joelwebsite-e8e31  
 Mon Aug 14 2017 17:21:07 GMT-0700 (Pacific Daylight Time)
[debug] [2017-08-15T00:21:08.206Z] <<< HTTP RESPONSE 200
[debug] [2017-08-15T00:21:08.208Z] >>> HTTP REQUEST GET https://mobilesdk-pa.googleapis.com/v1/projects/717914023604/clients/_:getWebAppConfig  
 Mon Aug 14 2017 17:21:08 GMT-0700 (Pacific Daylight Time)
[debug] [2017-08-15T00:21:08.638Z] <<< HTTP RESPONSE 200
[info] i  hosting: Serving hosting files from: public
[info] +  hosting: Local server: http://localhost:5000

